0000010 pacote 000 armazenado em 000 na secao 005
0000011 pacote 000 removido de 000 na secao 005
0000011 pacote 000 em transito de 000 para 005
0000018 pacote 001 armazenado em 005 na secao 003
0000019 pacote 002 armazenado em 009 na secao 001
0000025 pacote 003 armazenado em 007 na secao 003
0000031 pacote 000 entregue em 005
0000031 pacote 004 armazenado em 003 na secao 005
0000040 pacote 005 armazenado em 008 na secao 003
0000043 pacote 006 armazenado em 008 na secao 003
0000045 pacote 007 armazenado em 002 na secao 005
0000047 pacote 008 armazenado em 002 na secao 005
0000052 pacote 009 armazenado em 003 na secao 005
0000052 pacote 010 armazenado em 001 na secao 000
0000060 pacote 011 armazenado em 009 na secao 001
0000069 pacote 012 armazenado em 009 na secao 001
0000072 pacote 013 armazenado em 004 na secao 000
0000081 pacote 014 armazenado em 009 na secao 001
0000087 pacote 015 armazenado em 005 na secao 000
0000093 pacote 016 armazenado em 003 na secao 005
0000095 pacote 017 armazenado em 000 na secao 001
0000095 pacote 018 armazenado em 008 na secao 003
0000104 pacote 019 armazenado em 007 na secao 003
0000111 pacote 017 removido de 000 na secao 001
0000111 pacote 017 em transito de 000 para 001
0000111 pacote 010 removido de 001 na secao 000
0000111 pacote 010 em transito de 001 para 000
0000111 pacote 008 removido de 002 na secao 005
0000112 pacote 007 removido de 002 na secao 005
0000112 pacote 007 em transito de 002 para 005
0000112 pacote 008 em transito de 002 para 005
0000111 pacote 016 removido de 003 na secao 005
0000112 pacote 009 removido de 003 na secao 005
0000113 pacote 004 removido de 003 na secao 005
0000113 pacote 004 em transito de 003 para 005
0000113 pacote 009 em transito de 003 para 005
0000113 pacote 016 rearmazenado em 003 na secao 005
0000111 pacote 013 removido de 004 na secao 000
0000111 pacote 013 em transito de 004 para 000
0000111 pacote 015 removido de 005 na secao 000
0000111 pacote 015 em transito de 005 para 000
0000111 pacote 001 removido de 005 na secao 003
0000111 pacote 001 em transito de 005 para 003
0000111 pacote 019 removido de 007 na secao 003
0000112 pacote 003 removido de 007 na secao 003
0000112 pacote 003 em transito de 007 para 003
0000112 pacote 019 em transito de 007 para 003
0000111 pacote 018 removido de 008 na secao 003
0000112 pacote 006 removido de 008 na secao 003
0000113 pacote 005 removido de 008 na secao 003
0000113 pacote 005 em transito de 008 para 003
0000113 pacote 006 em transito de 008 para 003
0000113 pacote 018 rearmazenado em 008 na secao 003
0000111 pacote 014 removido de 009 na secao 001
0000112 pacote 012 removido de 009 na secao 001
0000113 pacote 011 removido de 009 na secao 001
0000114 pacote 002 removido de 009 na secao 001
0000114 pacote 002 em transito de 009 para 001
0000114 pacote 011 em transito de 009 para 001
0000114 pacote 012 rearmazenado em 009 na secao 001
0000114 pacote 014 rearmazenado em 009 na secao 001
0000112 pacote 020 armazenado em 009 na secao 001
0000117 pacote 021 armazenado em 004 na secao 000
0000119 pacote 022 armazenado em 007 na secao 003
0000127 pacote 023 armazenado em 001 na secao 000
0000131 pacote 001 entregue em 003
0000131 pacote 010 armazenado em 000 na secao 005
0000131 pacote 013 armazenado em 000 na secao 001
0000131 pacote 015 armazenado em 000 na secao 001
0000131 pacote 017 entregue em 001
0000131 pacote 024 armazenado em 002 na secao 005
0000132 pacote 003 armazenado em 003 na secao 005
0000132 pacote 007 armazenado em 005 na secao 000
0000132 pacote 008 armazenado em 005 na secao 000
0000132 pacote 019 entregue em 003
0000133 pacote 004 armazenado em 005 na secao 000
0000133 pacote 005 entregue em 003
0000133 pacote 006 armazenado em 003 na secao 005
0000133 pacote 009 entregue em 005
0000134 pacote 002 armazenado em 001 na secao 000
0000134 pacote 011 armazenado em 001 na secao 000
0000137 pacote 025 armazenado em 002 na secao 006
0000146 pacote 026 armazenado em 002 na secao 005
0000147 pacote 027 armazenado em 006 na secao 002
0000150 pacote 028 armazenado em 006 na secao 002
0000157 pacote 029 armazenado em 008 na secao 003
0000160 pacote 030 armazenado em 003 na secao 007
0000162 pacote 031 armazenado em 009 na secao 001
0000165 pacote 032 armazenado em 004 na secao 000
0000169 pacote 033 armazenado em 002 na secao 005
0000171 pacote 034 armazenado em 007 na secao 003
0000178 pacote 035 armazenado em 006 na secao 002
0000179 pacote 036 armazenado em 000 na secao 005
0000183 pacote 037 armazenado em 005 na secao 000
0000187 pacote 038 armazenado em 005 na secao 000
0000195 pacote 039 armazenado em 003 na secao 005
0000195 pacote 040 armazenado em 000 na secao 005
0000203 pacote 041 armazenado em 008 na secao 003
0000211 pacote 015 removido de 000 na secao 001
0000212 pacote 013 removido de 000 na secao 001
0000212 pacote 013 em transito de 000 para 001
0000212 pacote 015 em transito de 000 para 001
0000211 pacote 040 removido de 000 na secao 005
0000212 pacote 036 removido de 000 na secao 005
0000213 pacote 010 removido de 000 na secao 005
0000213 pacote 010 em transito de 000 para 005
0000213 pacote 036 em transito de 000 para 005
0000213 pacote 040 rearmazenado em 000 na secao 005
0000211 pacote 011 removido de 001 na secao 000
0000212 pacote 002 removido de 001 na secao 000
0000213 pacote 023 removido de 001 na secao 000
0000213 pacote 023 em transito de 001 para 000
0000213 pacote 002 em transito de 001 para 000
0000213 pacote 011 rearmazenado em 001 na secao 000
0000211 pacote 033 removido de 002 na secao 005
0000212 pacote 026 removido de 002 na secao 005
0000213 pacote 024 removido de 002 na secao 005
0000213 pacote 024 em transito de 002 para 005
0000213 pacote 026 em transito de 002 para 005
0000213 pacote 033 rearmazenado em 002 na secao 005
0000211 pacote 025 removido de 002 na secao 006
0000211 pacote 025 em transito de 002 para 006
0000211 pacote 039 removido de 003 na secao 005
0000212 pacote 006 removido de 003 na secao 005
0000213 pacote 003 removido de 003 na secao 005
0000214 pacote 016 removido de 003 na secao 005
0000214 pacote 016 em transito de 003 para 005
0000214 pacote 003 em transito de 003 para 005
0000214 pacote 006 rearmazenado em 003 na secao 005
0000214 pacote 039 rearmazenado em 003 na secao 005
0000211 pacote 030 removido de 003 na secao 007
0000211 pacote 030 em transito de 003 para 007
0000211 pacote 032 removido de 004 na secao 000
0000212 pacote 021 removido de 004 na secao 000
0000212 pacote 021 em transito de 004 para 000
0000212 pacote 032 em transito de 004 para 000
0000211 pacote 038 removido de 005 na secao 000
0000212 pacote 037 removido de 005 na secao 000
0000213 pacote 004 removido de 005 na secao 000
0000214 pacote 008 removido de 005 na secao 000
0000215 pacote 007 removido de 005 na secao 000
0000215 pacote 007 em transito de 005 para 000
0000215 pacote 008 em transito de 005 para 000
0000215 pacote 004 rearmazenado em 005 na secao 000
0000215 pacote 037 rearmazenado em 005 na secao 000
0000215 pacote 038 rearmazenado em 005 na secao 000
0000211 pacote 035 removido de 006 na secao 002
0000212 pacote 028 removido de 006 na secao 002
0000213 pacote 027 removido de 006 na secao 002
0000213 pacote 027 em transito de 006 para 002
0000213 pacote 028 em transito de 006 para 002
0000213 pacote 035 rearmazenado em 006 na secao 002
0000211 pacote 034 removido de 007 na secao 003
0000212 pacote 022 removido de 007 na secao 003
0000212 pacote 022 em transito de 007 para 003
0000212 pacote 034 em transito de 007 para 003
0000211 pacote 041 removido de 008 na secao 003
0000212 pacote 029 removido de 008 na secao 003
0000213 pacote 018 removido de 008 na secao 003
0000213 pacote 018 em transito de 008 para 003
0000213 pacote 029 em transito de 008 para 003
0000213 pacote 041 rearmazenado em 008 na secao 003
0000211 pacote 031 removido de 009 na secao 001
0000212 pacote 020 removido de 009 na secao 001
0000213 pacote 014 removido de 009 na secao 001
0000214 pacote 012 removido de 009 na secao 001
0000214 pacote 012 em transito de 009 para 001
0000214 pacote 014 em transito de 009 para 001
0000214 pacote 020 rearmazenado em 009 na secao 001
0000214 pacote 031 rearmazenado em 009 na secao 001
0000211 pacote 042 armazenado em 002 na secao 005
0000213 pacote 043 armazenado em 001 na secao 000
0000218 pacote 044 armazenado em 004 na secao 000
0000223 pacote 045 armazenado em 009 na secao 001
0000231 pacote 025 entregue em 006
0000231 pacote 030 entregue em 007
0000232 pacote 013 armazenado em 001 na secao 009
0000232 pacote 015 armazenado em 001 na secao 009
0000232 pacote 021 armazenado em 000 na secao 005
0000232 pacote 022 armazenado em 003 na secao 005
0000232 pacote 032 armazenado em 000 na secao 005
0000232 pacote 034 entregue em 003
0000232 pacote 046 armazenado em 005 na secao 000
0000233 pacote 002 entregue em 000
0000233 pacote 010 entregue em 005
0000233 pacote 018 armazenado em 003 na secao 005
0000233 pacote 023 armazenado em 000 na secao 005
0000233 pacote 024 armazenado em 005 na secao 000
0000233 pacote 026 armazenado em 005 na secao 003
0000233 pacote 027 armazenado em 002 na secao 005
0000233 pacote 028 entregue em 002
0000233 pacote 029 armazenado em 003 na secao 005
0000233 pacote 036 armazenado em 005 na secao 003
0000234 pacote 003 armazenado em 005 na secao 002
0000234 pacote 012 armazenado em 001 na secao 000
0000234 pacote 014 armazenado em 001 na secao 000
0000234 pacote 016 armazenado em 005 na secao 000
0000235 pacote 007 armazenado em 000 na secao 001
0000235 pacote 008 entregue em 000
0000236 pacote 047 armazenado em 009 na secao 001
0000236 pacote 048 armazenado em 008 na secao 003
0000243 pacote 049 armazenado em 003 na secao 005
0000244 pacote 050 armazenado em 004 na secao 000
0000250 pacote 051 armazenado em 003 na secao 005
0000254 pacote 052 armazenado em 000 na secao 004
0000256 pacote 053 armazenado em 007 na secao 003
0000259 pacote 054 armazenado em 004 na secao 000
0000259 pacote 055 armazenado em 001 na secao 000
0000261 pacote 056 armazenado em 006 na secao 002
0000264 pacote 057 armazenado em 006 na secao 002
0000266 pacote 058 armazenado em 008 na secao 003
0000267 pacote 059 armazenado em 006 na secao 002
0000270 pacote 060 armazenado em 005 na secao 003
0000274 pacote 061 armazenado em 004 na secao 000
0000276 pacote 062 armazenado em 009 na secao 001
0000276 pacote 063 armazenado em 000 na secao 005
0000285 pacote 064 armazenado em 007 na secao 003
0000294 pacote 065 armazenado em 008 na secao 003
0000300 pacote 066 armazenado em 009 na secao 001
0000306 pacote 067 armazenado em 000 na secao 005
0000311 pacote 007 removido de 000 na secao 001
0000311 pacote 007 em transito de 000 para 001
0000311 pacote 052 removido de 000 na secao 004
0000311 pacote 052 em transito de 000 para 004
0000311 pacote 067 removido de 000 na secao 005
0000312 pacote 063 removido de 000 na secao 005
0000313 pacote 023 removido de 000 na secao 005
0000314 pacote 032 removido de 000 na secao 005
0000315 pacote 021 removido de 000 na secao 005
0000316 pacote 040 removido de 000 na secao 005
0000316 pacote 040 em transito de 000 para 005
0000316 pacote 021 em transito de 000 para 005
0000316 pacote 032 rearmazenado em 000 na secao 005
0000316 pacote 023 rearmazenado em 000 na secao 005
0000316 pacote 063 rearmazenado em 000 na secao 005
0000316 pacote 067 rearmazenado em 000 na secao 005
0000311 pacote 055 removido de 001 na secao 000
0000312 pacote 014 removido de 001 na secao 000
0000313 pacote 012 removido de 001 na secao 000
0000314 pacote 043 removido de 001 na secao 000
0000315 pacote 011 removido de 001 na secao 000
0000315 pacote 011 em transito de 001 para 000
0000315 pacote 043 em transito de 001 para 000
0000315 pacote 012 rearmazenado em 001 na secao 000
0000315 pacote 014 rearmazenado em 001 na secao 000
0000315 pacote 055 rearmazenado em 001 na secao 000
0000311 pacote 015 removido de 001 na secao 009
0000312 pacote 013 removido de 001 na secao 009
0000312 pacote 013 em transito de 001 para 009
0000312 pacote 015 em transito de 001 para 009
0000311 pacote 027 removido de 002 na secao 005
0000312 pacote 042 removido de 002 na secao 005
0000313 pacote 033 removido de 002 na secao 005
0000313 pacote 033 em transito de 002 para 005
0000313 pacote 042 em transito de 002 para 005
0000313 pacote 027 rearmazenado em 002 na secao 005
0000311 pacote 051 removido de 003 na secao 005
0000312 pacote 049 removido de 003 na secao 005
0000313 pacote 029 removido de 003 na secao 005
0000314 pacote 018 removido de 003 na secao 005
0000315 pacote 022 removido de 003 na secao 005
0000316 pacote 039 removido de 003 na secao 005
0000317 pacote 006 removido de 003 na secao 005
0000317 pacote 006 em transito de 003 para 005
0000317 pacote 039 em transito de 003 para 005
0000317 pacote 022 rearmazenado em 003 na secao 005
0000317 pacote 018 rearmazenado em 003 na secao 005
0000317 pacote 029 rearmazenado em 003 na secao 005
0000317 pacote 049 rearmazenado em 003 na secao 005
0000317 pacote 051 rearmazenado em 003 na secao 005
0000311 pacote 061 removido de 004 na secao 000
0000312 pacote 054 removido de 004 na secao 000
0000313 pacote 050 removido de 004 na secao 000
0000314 pacote 044 removido de 004 na secao 000
0000314 pacote 044 em transito de 004 para 000
0000314 pacote 050 em transito de 004 para 000
0000314 pacote 054 rearmazenado em 004 na secao 000
0000314 pacote 061 rearmazenado em 004 na secao 000
0000311 pacote 016 removido de 005 na secao 000
0000312 pacote 024 removido de 005 na secao 000
0000313 pacote 046 removido de 005 na secao 000
0000314 pacote 038 removido de 005 na secao 000
0000315 pacote 037 removido de 005 na secao 000
0000316 pacote 004 removido de 005 na secao 000
0000316 pacote 004 em transito de 005 para 000
0000316 pacote 037 em transito de 005 para 000
0000316 pacote 038 rearmazenado em 005 na secao 000
0000316 pacote 046 rearmazenado em 005 na secao 000
0000316 pacote 024 rearmazenado em 005 na secao 000
0000316 pacote 016 rearmazenado em 005 na secao 000
0000311 pacote 003 removido de 005 na secao 002
0000311 pacote 003 em transito de 005 para 002
0000311 pacote 060 removido de 005 na secao 003
0000312 pacote 036 removido de 005 na secao 003
0000313 pacote 026 removido de 005 na secao 003
0000313 pacote 026 em transito de 005 para 003
0000313 pacote 036 em transito de 005 para 003
0000313 pacote 060 rearmazenado em 005 na secao 003
0000311 pacote 059 removido de 006 na secao 002
0000312 pacote 057 removido de 006 na secao 002
0000313 pacote 056 removido de 006 na secao 002
0000314 pacote 035 removido de 006 na secao 002
0000314 pacote 035 em transito de 006 para 002
0000314 pacote 056 em transito de 006 para 002
0000314 pacote 057 rearmazenado em 006 na secao 002
0000314 pacote 059 rearmazenado em 006 na secao 002
0000311 pacote 064 removido de 007 na secao 003
0000312 pacote 053 removido de 007 na secao 003
0000312 pacote 053 em transito de 007 para 003
0000312 pacote 064 em transito de 007 para 003
0000311 pacote 065 removido de 008 na secao 003
0000312 pacote 058 removido de 008 na secao 003
0000313 pacote 048 removido de 008 na secao 003
0000314 pacote 041 removido de 008 na secao 003
0000314 pacote 041 em transito de 008 para 003
0000314 pacote 048 em transito de 008 para 003
0000314 pacote 058 rearmazenado em 008 na secao 003
0000314 pacote 065 rearmazenado em 008 na secao 003
0000311 pacote 066 removido de 009 na secao 001
0000312 pacote 062 removido de 009 na secao 001
0000313 pacote 047 removido de 009 na secao 001
0000314 pacote 045 removido de 009 na secao 001
0000315 pacote 031 removido de 009 na secao 001
0000316 pacote 020 removido de 009 na secao 001
0000316 pacote 020 em transito de 009 para 001
0000316 pacote 031 em transito de 009 para 001
0000316 pacote 045 rearmazenado em 009 na secao 001
0000316 pacote 047 rearmazenado em 009 na secao 001
0000316 pacote 062 rearmazenado em 009 na secao 001
0000316 pacote 066 rearmazenado em 009 na secao 001
0000312 pacote 068 armazenado em 003 na secao 005
0000314 pacote 069 armazenado em 004 na secao 000
0000314 pacote 070 armazenado em 001 na secao 000
0000320 pacote 071 armazenado em 002 na secao 005
0000327 pacote 072 armazenado em 005 na secao 000
0000330 pacote 073 armazenado em 006 na secao 002
0000331 pacote 003 entregue em 002
0000331 pacote 007 armazenado em 001 na secao 009
0000331 pacote 052 entregue em 004
0000331 pacote 074 armazenado em 000 na secao 005
0000332 pacote 013 entregue em 009
0000332 pacote 015 entregue em 009
0000332 pacote 053 armazenado em 003 na secao 008
0000332 pacote 064 armazenado em 003 na secao 005
0000333 pacote 026 entregue em 003
0000333 pacote 033 entregue em 005
0000333 pacote 036 entregue em 003
0000333 pacote 042 armazenado em 005 na secao 000
0000334 pacote 035 armazenado em 002 na secao 005
0000334 pacote 041 armazenado em 003 na secao 005
0000334 pacote 044 armazenado em 000 na secao 005
0000334 pacote 048 armazenado em 003 na secao 005
0000334 pacote 050 armazenado em 000 na secao 005
0000334 pacote 056 armazenado em 002 na secao 005
0000335 pacote 011 armazenado em 000 na secao 005
0000335 pacote 043 armazenado em 000 na secao 005
0000336 pacote 004 armazenado em 000 na secao 004
0000336 pacote 020 armazenado em 001 na secao 000
0000336 pacote 021 entregue em 005
0000336 pacote 031 armazenado em 001 na secao 000
0000336 pacote 037 armazenado em 000 na secao 001
0000336 pacote 040 entregue em 005
0000336 pacote 075 armazenado em 004 na secao 000
0000337 pacote 006 armazenado em 005 na secao 002
0000337 pacote 039 armazenado em 005 na secao 000
0000339 pacote 076 armazenado em 007 na secao 003
0000343 pacote 077 armazenado em 004 na secao 000
0000351 pacote 078 armazenado em 001 na secao 000
0000360 pacote 079 armazenado em 004 na secao 000
0000363 pacote 080 armazenado em 006 na secao 002
0000367 pacote 081 armazenado em 003 na secao 007
0000374 pacote 082 armazenado em 000 na secao 005
0000379 pacote 083 armazenado em 004 na secao 000
0000379 pacote 084 armazenado em 007 na secao 003
0000380 pacote 085 armazenado em 004 na secao 000
0000383 pacote 086 armazenado em 007 na secao 003
0000389 pacote 087 armazenado em 001 na secao 009
0000393 pacote 088 armazenado em 004 na secao 000
0000393 pacote 089 armazenado em 008 na secao 003
0000394 pacote 090 armazenado em 007 na secao 003
0000402 pacote 091 armazenado em 008 na secao 003
0000402 pacote 092 armazenado em 002 na secao 005
0000407 pacote 093 armazenado em 007 na secao 003
0000411 pacote 037 removido de 000 na secao 001
0000411 pacote 037 em transito de 000 para 001
0000411 pacote 004 removido de 000 na secao 004
0000411 pacote 004 em transito de 000 para 004
0000411 pacote 082 removido de 000 na secao 005
0000412 pacote 043 removido de 000 na secao 005
0000413 pacote 011 removido de 000 na secao 005
0000414 pacote 050 removido de 000 na secao 005
0000415 pacote 044 removido de 000 na secao 005
0000416 pacote 074 removido de 000 na secao 005
0000417 pacote 067 removido de 000 na secao 005
0000418 pacote 063 removido de 000 na secao 005
0000419 pacote 023 removido de 000 na secao 005
0000420 pacote 032 removido de 000 na secao 005
0000420 pacote 032 em transito de 000 para 005
0000420 pacote 023 em transito de 000 para 005
0000420 pacote 063 rearmazenado em 000 na secao 005
0000420 pacote 067 rearmazenado em 000 na secao 005
0000420 pacote 074 rearmazenado em 000 na secao 005
0000420 pacote 044 rearmazenado em 000 na secao 005
0000420 pacote 050 rearmazenado em 000 na secao 005
0000420 pacote 011 rearmazenado em 000 na secao 005
0000420 pacote 043 rearmazenado em 000 na secao 005
0000420 pacote 082 rearmazenado em 000 na secao 005
0000411 pacote 078 removido de 001 na secao 000
0000412 pacote 031 removido de 001 na secao 000
0000413 pacote 020 removido de 001 na secao 000
0000414 pacote 070 removido de 001 na secao 000
0000415 pacote 055 removido de 001 na secao 000
0000416 pacote 014 removido de 001 na secao 000
0000417 pacote 012 removido de 001 na secao 000
0000417 pacote 012 em transito de 001 para 000
0000417 pacote 014 em transito de 001 para 000
0000417 pacote 055 rearmazenado em 001 na secao 000
0000417 pacote 070 rearmazenado em 001 na secao 000
0000417 pacote 020 rearmazenado em 001 na secao 000
0000417 pacote 031 rearmazenado em 001 na secao 000
0000417 pacote 078 rearmazenado em 001 na secao 000
0000411 pacote 087 removido de 001 na secao 009
0000412 pacote 007 removido de 001 na secao 009
0000412 pacote 007 em transito de 001 para 009
0000412 pacote 087 em transito de 001 para 009
0000411 pacote 092 removido de 002 na secao 005
0000412 pacote 056 removido de 002 na secao 005
0000413 pacote 035 removido de 002 na secao 005
0000414 pacote 071 removido de 002 na secao 005
0000415 pacote 027 removido de 002 na secao 005
0000415 pacote 027 em transito de 002 para 005
0000415 pacote 071 em transito de 002 para 005
0000415 pacote 035 rearmazenado em 002 na secao 005
0000415 pacote 056 rearmazenado em 002 na secao 005
0000415 pacote 092 rearmazenado em 002 na secao 005
0000411 pacote 048 removido de 003 na secao 005
0000412 pacote 041 removido de 003 na secao 005
0000413 pacote 064 removido de 003 na secao 005
0000414 pacote 068 removido de 003 na secao 005
0000415 pacote 051 removido de 003 na secao 005
0000416 pacote 049 removido de 003 na secao 005
0000417 pacote 029 removido de 003 na secao 005
0000418 pacote 018 removido de 003 na secao 005
0000419 pacote 022 removido de 003 na secao 005
0000419 pacote 022 em transito de 003 para 005
0000419 pacote 018 em transito de 003 para 005
0000419 pacote 029 rearmazenado em 003 na secao 005
0000419 pacote 049 rearmazenado em 003 na secao 005
0000419 pacote 051 rearmazenado em 003 na secao 005
0000419 pacote 068 rearmazenado em 003 na secao 005
0000419 pacote 064 rearmazenado em 003 na secao 005
0000419 pacote 041 rearmazenado em 003 na secao 005
0000419 pacote 048 rearmazenado em 003 na secao 005
0000411 pacote 081 removido de 003 na secao 007
0000411 pacote 081 em transito de 003 para 007
0000411 pacote 053 removido de 003 na secao 008
0000411 pacote 053 em transito de 003 para 008
0000411 pacote 088 removido de 004 na secao 000
0000412 pacote 085 removido de 004 na secao 000
0000413 pacote 083 removido de 004 na secao 000
0000414 pacote 079 removido de 004 na secao 000
0000415 pacote 077 removido de 004 na secao 000
0000416 pacote 075 removido de 004 na secao 000
0000417 pacote 069 removido de 004 na secao 000
0000418 pacote 061 removido de 004 na secao 000
0000419 pacote 054 removido de 004 na secao 000
0000419 pacote 054 em transito de 004 para 000
0000419 pacote 061 em transito de 004 para 000
0000419 pacote 069 rearmazenado em 004 na secao 000
0000419 pacote 075 rearmazenado em 004 na secao 000
0000419 pacote 077 rearmazenado em 004 na secao 000
0000419 pacote 079 rearmazenado em 004 na secao 000
0000419 pacote 083 rearmazenado em 004 na secao 000
0000419 pacote 085 rearmazenado em 004 na secao 000
0000419 pacote 088 rearmazenado em 004 na secao 000
0000411 pacote 039 removido de 005 na secao 000
0000412 pacote 042 removido de 005 na secao 000
0000413 pacote 072 removido de 005 na secao 000
0000414 pacote 016 removido de 005 na secao 000
0000415 pacote 024 removido de 005 na secao 000
0000416 pacote 046 removido de 005 na secao 000
0000417 pacote 038 removido de 005 na secao 000
0000417 pacote 038 em transito de 005 para 000
0000417 pacote 046 em transito de 005 para 000
0000417 pacote 024 rearmazenado em 005 na secao 000
0000417 pacote 016 rearmazenado em 005 na secao 000
0000417 pacote 072 rearmazenado em 005 na secao 000
0000417 pacote 042 rearmazenado em 005 na secao 000
0000417 pacote 039 rearmazenado em 005 na secao 000
0000411 pacote 006 removido de 005 na secao 002
0000411 pacote 006 em transito de 005 para 002
0000411 pacote 060 removido de 005 na secao 003
0000411 pacote 060 em transito de 005 para 003
0000411 pacote 080 removido de 006 na secao 002
0000412 pacote 073 removido de 006 na secao 002
0000413 pacote 059 removido de 006 na secao 002
0000414 pacote 057 removido de 006 na secao 002
0000414 pacote 057 em transito de 006 para 002
0000414 pacote 059 em transito de 006 para 002
0000414 pacote 073 rearmazenado em 006 na secao 002
0000414 pacote 080 rearmazenado em 006 na secao 002
0000411 pacote 093 removido de 007 na secao 003
0000412 pacote 090 removido de 007 na secao 003
0000413 pacote 086 removido de 007 na secao 003
0000414 pacote 084 removido de 007 na secao 003
0000415 pacote 076 removido de 007 na secao 003
0000415 pacote 076 em transito de 007 para 003
0000415 pacote 084 em transito de 007 para 003
0000415 pacote 086 rearmazenado em 007 na secao 003
0000415 pacote 090 rearmazenado em 007 na secao 003
0000415 pacote 093 rearmazenado em 007 na secao 003
0000411 pacote 091 removido de 008 na secao 003
0000412 pacote 089 removido de 008 na secao 003
0000413 pacote 065 removido de 008 na secao 003
0000414 pacote 058 removido de 008 na secao 003
0000414 pacote 058 em transito de 008 para 003
0000414 pacote 065 em transito de 008 para 003
0000414 pacote 089 rearmazenado em 008 na secao 003
0000414 pacote 091 rearmazenado em 008 na secao 003
0000411 pacote 066 removido de 009 na secao 001
0000412 pacote 062 removido de 009 na secao 001
0000413 pacote 047 removido de 009 na secao 001
0000414 pacote 045 removido de 009 na secao 001
0000414 pacote 045 em transito de 009 para 001
0000414 pacote 047 em transito de 009 para 001
0000414 pacote 062 rearmazenado em 009 na secao 001
0000414 pacote 066 rearmazenado em 009 na secao 001
0000415 pacote 094 armazenado em 008 na secao 003
0000424 pacote 095 armazenado em 007 na secao 003
0000428 pacote 096 armazenado em 004 na secao 000
0000431 pacote 004 entregue em 004
0000431 pacote 006 armazenado em 002 na secao 006
0000431 pacote 037 armazenado em 001 na secao 009
0000431 pacote 053 entregue em 008
0000431 pacote 060 armazenado em 003 na secao 008
0000431 pacote 081 entregue em 007
0000432 pacote 007 entregue em 009
0000432 pacote 087 entregue em 009
0000434 pacote 045 armazenado em 001 na secao 000
0000434 pacote 047 armazenado em 001 na secao 000
0000434 pacote 057 armazenado em 002 na secao 005
0000434 pacote 058 armazenado em 003 na secao 005
0000434 pacote 059 entregue em 002
0000434 pacote 065 armazenado em 003 na secao 007
0000435 pacote 027 armazenado em 005 na secao 000
0000435 pacote 071 armazenado em 005 na secao 000
0000435 pacote 076 armazenado em 003 na secao 005
0000435 pacote 084 armazenado em 003 na secao 005
0000435 pacote 097 armazenado em 000 na secao 004
0000437 pacote 012 armazenado em 000 na secao 005
0000437 pacote 014 armazenado em 000 na secao 005
0000437 pacote 038 armazenado em 000 na secao 001
0000437 pacote 046 entregue em 000
0000438 pacote 098 armazenado em 002 na secao 005
0000439 pacote 018 armazenado em 005 na secao 002
0000439 pacote 022 armazenado em 005 na secao 000
0000439 pacote 054 armazenado em 000 na secao 005
0000439 pacote 061 armazenado em 000 na secao 005
0000440 pacote 023 entregue em 005
0000440 pacote 032 armazenado em 005 na secao 003
0000442 pacote 099 armazenado em 001 na secao 000
0000511 pacote 038 removido de 000 na secao 001
0000511 pacote 038 em transito de 000 para 001
0000511 pacote 097 removido de 000 na secao 004
0000511 pacote 097 em transito de 000 para 004
0000511 pacote 061 removido de 000 na secao 005
0000512 pacote 054 removido de 000 na secao 005
0000513 pacote 014 removido de 000 na secao 005
0000514 pacote 012 removido de 000 na secao 005
0000515 pacote 082 removido de 000 na secao 005
0000516 pacote 043 removido de 000 na secao 005
0000517 pacote 011 removido de 000 na secao 005
0000518 pacote 050 removido de 000 na secao 005
0000519 pacote 044 removido de 000 na secao 005
0000520 pacote 074 removido de 000 na secao 005
0000521 pacote 067 removido de 000 na secao 005
0000522 pacote 063 removido de 000 na secao 005
0000522 pacote 063 em transito de 000 para 005
0000522 pacote 067 em transito de 000 para 005
0000522 pacote 074 rearmazenado em 000 na secao 005
0000522 pacote 044 rearmazenado em 000 na secao 005
0000522 pacote 050 rearmazenado em 000 na secao 005
0000522 pacote 011 rearmazenado em 000 na secao 005
0000522 pacote 043 rearmazenado em 000 na secao 005
0000522 pacote 082 rearmazenado em 000 na secao 005
0000522 pacote 012 rearmazenado em 000 na secao 005
0000522 pacote 014 rearmazenado em 000 na secao 005
0000522 pacote 054 rearmazenado em 000 na secao 005
0000522 pacote 061 rearmazenado em 000 na secao 005
0000511 pacote 099 removido de 001 na secao 000
0000512 pacote 047 removido de 001 na secao 000
0000513 pacote 045 removido de 001 na secao 000
0000514 pacote 078 removido de 001 na secao 000
0000515 pacote 031 removido de 001 na secao 000
0000516 pacote 020 removido de 001 na secao 000
0000517 pacote 070 removido de 001 na secao 000
0000518 pacote 055 removido de 001 na secao 000
0000518 pacote 055 em transito de 001 para 000
0000518 pacote 070 em transito de 001 para 000
0000518 pacote 020 rearmazenado em 001 na secao 000
0000518 pacote 031 rearmazenado em 001 na secao 000
0000518 pacote 078 rearmazenado em 001 na secao 000
0000518 pacote 045 rearmazenado em 001 na secao 000
0000518 pacote 047 rearmazenado em 001 na secao 000
0000518 pacote 099 rearmazenado em 001 na secao 000
0000511 pacote 037 removido de 001 na secao 009
0000511 pacote 037 em transito de 001 para 009
0000511 pacote 098 removido de 002 na secao 005
0000512 pacote 057 removido de 002 na secao 005
0000513 pacote 092 removido de 002 na secao 005
0000514 pacote 056 removido de 002 na secao 005
0000515 pacote 035 removido de 002 na secao 005
0000515 pacote 035 em transito de 002 para 005
0000515 pacote 056 em transito de 002 para 005
0000515 pacote 092 rearmazenado em 002 na secao 005
0000515 pacote 057 rearmazenado em 002 na secao 005
0000515 pacote 098 rearmazenado em 002 na secao 005
0000511 pacote 006 removido de 002 na secao 006
0000511 pacote 006 em transito de 002 para 006
0000511 pacote 084 removido de 003 na secao 005
0000512 pacote 076 removido de 003 na secao 005
0000513 pacote 058 removido de 003 na secao 005
0000514 pacote 048 removido de 003 na secao 005
0000515 pacote 041 removido de 003 na secao 005
0000516 pacote 064 removido de 003 na secao 005
0000517 pacote 068 removido de 003 na secao 005
0000518 pacote 051 removido de 003 na secao 005
0000519 pacote 049 removido de 003 na secao 005
0000520 pacote 029 removido de 003 na secao 005
0000520 pacote 029 em transito de 003 para 005
0000520 pacote 049 em transito de 003 para 005
0000520 pacote 051 rearmazenado em 003 na secao 005
0000520 pacote 068 rearmazenado em 003 na secao 005
0000520 pacote 064 rearmazenado em 003 na secao 005
0000520 pacote 041 rearmazenado em 003 na secao 005
0000520 pacote 048 rearmazenado em 003 na secao 005
0000520 pacote 058 rearmazenado em 003 na secao 005
0000520 pacote 076 rearmazenado em 003 na secao 005
0000520 pacote 084 rearmazenado em 003 na secao 005
0000511 pacote 065 removido de 003 na secao 007
0000511 pacote 065 em transito de 003 para 007
0000511 pacote 060 removido de 003 na secao 008
0000511 pacote 060 em transito de 003 para 008
0000511 pacote 096 removido de 004 na secao 000
0000512 pacote 088 removido de 004 na secao 000
0000513 pacote 085 removido de 004 na secao 000
0000514 pacote 083 removido de 004 na secao 000
0000515 pacote 079 removido de 004 na secao 000
0000516 pacote 077 removido de 004 na secao 000
0000517 pacote 075 removido de 004 na secao 000
0000518 pacote 069 removido de 004 na secao 000
0000518 pacote 069 em transito de 004 para 000
0000518 pacote 075 em transito de 004 para 000
0000518 pacote 077 rearmazenado em 004 na secao 000
0000518 pacote 079 rearmazenado em 004 na secao 000
0000518 pacote 083 rearmazenado em 004 na secao 000
0000518 pacote 085 rearmazenado em 004 na secao 000
0000518 pacote 088 rearmazenado em 004 na secao 000
0000518 pacote 096 rearmazenado em 004 na secao 000
0000511 pacote 022 removido de 005 na secao 000
0000512 pacote 071 removido de 005 na secao 000
0000513 pacote 027 removido de 005 na secao 000
0000514 pacote 039 removido de 005 na secao 000
0000515 pacote 042 removido de 005 na secao 000
0000516 pacote 072 removido de 005 na secao 000
0000517 pacote 016 removido de 005 na secao 000
0000518 pacote 024 removido de 005 na secao 000
0000518 pacote 024 em transito de 005 para 000
0000518 pacote 016 em transito de 005 para 000
0000518 pacote 072 rearmazenado em 005 na secao 000
0000518 pacote 042 rearmazenado em 005 na secao 000
0000518 pacote 039 rearmazenado em 005 na secao 000
0000518 pacote 027 rearmazenado em 005 na secao 000
0000518 pacote 071 rearmazenado em 005 na secao 000
0000518 pacote 022 rearmazenado em 005 na secao 000
0000511 pacote 018 removido de 005 na secao 002
0000511 pacote 018 em transito de 005 para 002
0000511 pacote 032 removido de 005 na secao 003
0000511 pacote 032 em transito de 005 para 003
0000511 pacote 080 removido de 006 na secao 002
0000512 pacote 073 removido de 006 na secao 002
0000512 pacote 073 em transito de 006 para 002
0000512 pacote 080 em transito de 006 para 002
0000511 pacote 095 removido de 007 na secao 003
0000512 pacote 093 removido de 007 na secao 003
0000513 pacote 090 removido de 007 na secao 003
0000514 pacote 086 removido de 007 na secao 003
0000514 pacote 086 em transito de 007 para 003
0000514 pacote 090 em transito de 007 para 003
0000514 pacote 093 rearmazenado em 007 na secao 003
0000514 pacote 095 rearmazenado em 007 na secao 003
0000511 pacote 094 removido de 008 na secao 003
0000512 pacote 091 removido de 008 na secao 003
0000513 pacote 089 removido de 008 na secao 003
0000513 pacote 089 em transito de 008 para 003
0000513 pacote 091 em transito de 008 para 003
0000513 pacote 094 rearmazenado em 008 na secao 003
0000511 pacote 066 removido de 009 na secao 001
0000512 pacote 062 removido de 009 na secao 001
0000512 pacote 062 em transito de 009 para 001
0000512 pacote 066 em transito de 009 para 001
0000531 pacote 006 entregue em 006
0000531 pacote 018 armazenado em 002 na secao 006
0000531 pacote 032 armazenado em 003 na secao 007
0000531 pacote 037 entregue em 009
0000531 pacote 038 armazenado em 001 na secao 009
0000531 pacote 060 entregue em 008
0000531 pacote 065 entregue em 007
0000531 pacote 097 entregue em 004
0000532 pacote 062 entregue em 001
0000532 pacote 066 armazenado em 001 na secao 000
0000532 pacote 073 armazenado em 002 na secao 005
0000532 pacote 080 armazenado em 002 na secao 005
0000533 pacote 089 armazenado em 003 na secao 005
0000533 pacote 091 armazenado em 003 na secao 005
0000534 pacote 086 entregue em 003
0000534 pacote 090 armazenado em 003 na secao 005
0000535 pacote 035 entregue em 005
0000535 pacote 056 entregue em 005
0000538 pacote 016 armazenado em 000 na secao 001
0000538 pacote 024 armazenado em 000 na secao 004
0000538 pacote 055 armazenado em 000 na secao 005
0000538 pacote 069 armazenado em 000 na secao 005
0000538 pacote 070 armazenado em 000 na secao 004
0000538 pacote 075 armazenado em 000 na secao 001
0000540 pacote 029 armazenado em 005 na secao 000
0000540 pacote 049 armazenado em 005 na secao 002
0000542 pacote 063 armazenado em 005 na secao 003
0000542 pacote 067 armazenado em 005 na secao 003
0000611 pacote 075 removido de 000 na secao 001
0000612 pacote 016 removido de 000 na secao 001
0000612 pacote 016 em transito de 000 para 001
0000612 pacote 075 em transito de 000 para 001
0000611 pacote 070 removido de 000 na secao 004
0000612 pacote 024 removido de 000 na secao 004
0000612 pacote 024 em transito de 000 para 004
0000612 pacote 070 em transito de 000 para 004
0000611 pacote 069 removido de 000 na secao 005
0000612 pacote 055 removido de 000 na secao 005
0000613 pacote 061 removido de 000 na secao 005
0000614 pacote 054 removido de 000 na secao 005
0000615 pacote 014 removido de 000 na secao 005
0000616 pacote 012 removido de 000 na secao 005
0000617 pacote 082 removido de 000 na secao 005
0000618 pacote 043 removido de 000 na secao 005
0000619 pacote 011 removido de 000 na secao 005
0000620 pacote 050 removido de 000 na secao 005
0000621 pacote 044 removido de 000 na secao 005
0000622 pacote 074 removido de 000 na secao 005
0000622 pacote 074 em transito de 000 para 005
0000622 pacote 044 em transito de 000 para 005
0000622 pacote 050 rearmazenado em 000 na secao 005
0000622 pacote 011 rearmazenado em 000 na secao 005
0000622 pacote 043 rearmazenado em 000 na secao 005
0000622 pacote 082 rearmazenado em 000 na secao 005
0000622 pacote 012 rearmazenado em 000 na secao 005
0000622 pacote 014 rearmazenado em 000 na secao 005
0000622 pacote 054 rearmazenado em 000 na secao 005
0000622 pacote 061 rearmazenado em 000 na secao 005
0000622 pacote 055 rearmazenado em 000 na secao 005
0000622 pacote 069 rearmazenado em 000 na secao 005
0000611 pacote 066 removido de 001 na secao 000
0000612 pacote 099 removido de 001 na secao 000
0000613 pacote 047 removido de 001 na secao 000
0000614 pacote 045 removido de 001 na secao 000
0000615 pacote 078 removido de 001 na secao 000
0000616 pacote 031 removido de 001 na secao 000
0000617 pacote 020 removido de 001 na secao 000
0000617 pacote 020 em transito de 001 para 000
0000617 pacote 031 em transito de 001 para 000
0000617 pacote 078 rearmazenado em 001 na secao 000
0000617 pacote 045 rearmazenado em 001 na secao 000
0000617 pacote 047 rearmazenado em 001 na secao 000
0000617 pacote 099 rearmazenado em 001 na secao 000
0000617 pacote 066 rearmazenado em 001 na secao 000
0000611 pacote 038 removido de 001 na secao 009
0000611 pacote 038 em transito de 001 para 009
0000611 pacote 080 removido de 002 na secao 005
0000612 pacote 073 removido de 002 na secao 005
0000613 pacote 098 removido de 002 na secao 005
0000614 pacote 057 removido de 002 na secao 005
0000615 pacote 092 removido de 002 na secao 005
0000615 pacote 092 em transito de 002 para 005
0000615 pacote 057 em transito de 002 para 005
0000615 pacote 098 rearmazenado em 002 na secao 005
0000615 pacote 073 rearmazenado em 002 na secao 005
0000615 pacote 080 rearmazenado em 002 na secao 005
0000611 pacote 018 removido de 002 na secao 006
0000611 pacote 018 em transito de 002 para 006
0000611 pacote 090 removido de 003 na secao 005
0000612 pacote 091 removido de 003 na secao 005
0000613 pacote 089 removido de 003 na secao 005
0000614 pacote 084 removido de 003 na secao 005
0000615 pacote 076 removido de 003 na secao 005
0000616 pacote 058 removido de 003 na secao 005
0000617 pacote 048 removido de 003 na secao 005
0000618 pacote 041 removido de 003 na secao 005
0000619 pacote 064 removido de 003 na secao 005
0000620 pacote 068 removido de 003 na secao 005
0000621 pacote 051 removido de 003 na secao 005
0000621 pacote 051 em transito de 003 para 005
0000621 pacote 068 em transito de 003 para 005
0000621 pacote 064 rearmazenado em 003 na secao 005
0000621 pacote 041 rearmazenado em 003 na secao 005
0000621 pacote 048 rearmazenado em 003 na secao 005
0000621 pacote 058 rearmazenado em 003 na secao 005
0000621 pacote 076 rearmazenado em 003 na secao 005
0000621 pacote 084 rearmazenado em 003 na secao 005
0000621 pacote 089 rearmazenado em 003 na secao 005
0000621 pacote 091 rearmazenado em 003 na secao 005
0000621 pacote 090 rearmazenado em 003 na secao 005
0000611 pacote 032 removido de 003 na secao 007
0000611 pacote 032 em transito de 003 para 007
0000611 pacote 096 removido de 004 na secao 000
0000612 pacote 088 removido de 004 na secao 000
0000613 pacote 085 removido de 004 na secao 000
0000614 pacote 083 removido de 004 na secao 000
0000615 pacote 079 removido de 004 na secao 000
0000616 pacote 077 removido de 004 na secao 000
0000616 pacote 077 em transito de 004 para 000
0000616 pacote 079 em transito de 004 para 000
0000616 pacote 083 rearmazenado em 004 na secao 000
0000616 pacote 085 rearmazenado em 004 na secao 000
0000616 pacote 088 rearmazenado em 004 na secao 000
0000616 pacote 096 rearmazenado em 004 na secao 000
0000611 pacote 029 removido de 005 na secao 000
0000612 pacote 022 removido de 005 na secao 000
0000613 pacote 071 removido de 005 na secao 000
0000614 pacote 027 removido de 005 na secao 000
0000615 pacote 039 removido de 005 na secao 000
0000616 pacote 042 removido de 005 na secao 000
0000617 pacote 072 removido de 005 na secao 000
0000617 pacote 072 em transito de 005 para 000
0000617 pacote 042 em transito de 005 para 000
0000617 pacote 039 rearmazenado em 005 na secao 000
0000617 pacote 027 rearmazenado em 005 na secao 000
0000617 pacote 071 rearmazenado em 005 na secao 000
0000617 pacote 022 rearmazenado em 005 na secao 000
0000617 pacote 029 rearmazenado em 005 na secao 000
0000611 pacote 049 removido de 005 na secao 002
0000611 pacote 049 em transito de 005 para 002
0000611 pacote 067 removido de 005 na secao 003
0000612 pacote 063 removido de 005 na secao 003
0000612 pacote 063 em transito de 005 para 003
0000612 pacote 067 em transito de 005 para 003
0000611 pacote 095 removido de 007 na secao 003
0000612 pacote 093 removido de 007 na secao 003
0000612 pacote 093 em transito de 007 para 003
0000612 pacote 095 em transito de 007 para 003
0000611 pacote 094 removido de 008 na secao 003
0000611 pacote 094 em transito de 008 para 003
0000631 pacote 018 entregue em 006
0000631 pacote 032 entregue em 007
0000631 pacote 038 entregue em 009
0000631 pacote 049 armazenado em 002 na secao 006
0000631 pacote 094 armazenado em 003 na secao 005
0000632 pacote 016 armazenado em 001 na secao 009
0000632 pacote 024 entregue em 004
0000632 pacote 063 entregue em 003
0000632 pacote 067 entregue em 003
0000632 pacote 070 entregue em 004
0000632 pacote 075 entregue em 001
0000632 pacote 093 armazenado em 003 na secao 005
0000632 pacote 095 armazenado em 003 na secao 005
0000635 pacote 057 armazenado em 005 na secao 000
0000635 pacote 092 armazenado em 005 na secao 000
0000636 pacote 077 entregue em 000
0000636 pacote 079 armazenado em 000 na secao 005
0000637 pacote 020 armazenado em 000 na secao 005
0000637 pacote 031 entregue em 000
0000637 pacote 042 entregue em 000
0000637 pacote 072 armazenado em 000 na secao 001
0000641 pacote 051 armazenado em 005 na secao 000
0000641 pacote 068 armazenado em 005 na secao 000
0000642 pacote 044 entregue em 005
0000642 pacote 074 armazenado em 005 na secao 002
0000711 pacote 072 removido de 000 na secao 001
0000711 pacote 072 em transito de 000 para 001
0000711 pacote 020 removido de 000 na secao 005
0000712 pacote 079 removido de 000 na secao 005
0000713 pacote 069 removido de 000 na secao 005
0000714 pacote 055 removido de 000 na secao 005
0000715 pacote 061 removido de 000 na secao 005
0000716 pacote 054 removido de 000 na secao 005
0000717 pacote 014 removido de 000 na secao 005
0000718 pacote 012 removido de 000 na secao 005
0000719 pacote 082 removido de 000 na secao 005
0000720 pacote 043 removido de 000 na secao 005
0000721 pacote 011 removido de 000 na secao 005
0000722 pacote 050 removido de 000 na secao 005
0000722 pacote 050 em transito de 000 para 005
0000722 pacote 011 em transito de 000 para 005
0000722 pacote 043 rearmazenado em 000 na secao 005
0000722 pacote 082 rearmazenado em 000 na secao 005
0000722 pacote 012 rearmazenado em 000 na secao 005
0000722 pacote 014 rearmazenado em 000 na secao 005
0000722 pacote 054 rearmazenado em 000 na secao 005
0000722 pacote 061 rearmazenado em 000 na secao 005
0000722 pacote 055 rearmazenado em 000 na secao 005
0000722 pacote 069 rearmazenado em 000 na secao 005
0000722 pacote 079 rearmazenado em 000 na secao 005
0000722 pacote 020 rearmazenado em 000 na secao 005
0000711 pacote 066 removido de 001 na secao 000
0000712 pacote 099 removido de 001 na secao 000
0000713 pacote 047 removido de 001 na secao 000
0000714 pacote 045 removido de 001 na secao 000
0000715 pacote 078 removido de 001 na secao 000
0000715 pacote 078 em transito de 001 para 000
0000715 pacote 045 em transito de 001 para 000
0000715 pacote 047 rearmazenado em 001 na secao 000
0000715 pacote 099 rearmazenado em 001 na secao 000
0000715 pacote 066 rearmazenado em 001 na secao 000
0000711 pacote 016 removido de 001 na secao 009
0000711 pacote 016 em transito de 001 para 009
0000711 pacote 080 removido de 002 na secao 005
0000712 pacote 073 removido de 002 na secao 005
0000713 pacote 098 removido de 002 na secao 005
0000713 pacote 098 em transito de 002 para 005
0000713 pacote 073 em transito de 002 para 005
0000713 pacote 080 rearmazenado em 002 na secao 005
0000711 pacote 049 removido de 002 na secao 006
0000711 pacote 049 em transito de 002 para 006
0000711 pacote 095 removido de 003 na secao 005
0000712 pacote 093 removido de 003 na secao 005
0000713 pacote 094 removido de 003 na secao 005
0000714 pacote 090 removido de 003 na secao 005
0000715 pacote 091 removido de 003 na secao 005
0000716 pacote 089 removido de 003 na secao 005
0000717 pacote 084 removido de 003 na secao 005
0000718 pacote 076 removido de 003 na secao 005
0000719 pacote 058 removido de 003 na secao 005
0000720 pacote 048 removido de 003 na secao 005
0000721 pacote 041 removido de 003 na secao 005
0000722 pacote 064 removido de 003 na secao 005
0000722 pacote 064 em transito de 003 para 005
0000722 pacote 041 em transito de 003 para 005
0000722 pacote 048 rearmazenado em 003 na secao 005
0000722 pacote 058 rearmazenado em 003 na secao 005
0000722 pacote 076 rearmazenado em 003 na secao 005
0000722 pacote 084 rearmazenado em 003 na secao 005
0000722 pacote 089 rearmazenado em 003 na secao 005
0000722 pacote 091 rearmazenado em 003 na secao 005
0000722 pacote 090 rearmazenado em 003 na secao 005
0000722 pacote 094 rearmazenado em 003 na secao 005
0000722 pacote 093 rearmazenado em 003 na secao 005
0000722 pacote 095 rearmazenado em 003 na secao 005
0000711 pacote 096 removido de 004 na secao 000
0000712 pacote 088 removido de 004 na secao 000
0000713 pacote 085 removido de 004 na secao 000
0000714 pacote 083 removido de 004 na secao 000
0000714 pacote 083 em transito de 004 para 000
0000714 pacote 085 em transito de 004 para 000
0000714 pacote 088 rearmazenado em 004 na secao 000
0000714 pacote 096 rearmazenado em 004 na secao 000
0000711 pacote 068 removido de 005 na secao 000
0000712 pacote 051 removido de 005 na secao 000
0000713 pacote 092 removido de 005 na secao 000
0000714 pacote 057 removido de 005 na secao 000
0000715 pacote 029 removido de 005 na secao 000
0000716 pacote 022 removido de 005 na secao 000
0000717 pacote 071 removido de 005 na secao 000
0000718 pacote 027 removido de 005 na secao 000
0000719 pacote 039 removido de 005 na secao 000
0000719 pacote 039 em transito de 005 para 000
0000719 pacote 027 em transito de 005 para 000
0000719 pacote 071 rearmazenado em 005 na secao 000
0000719 pacote 022 rearmazenado em 005 na secao 000
0000719 pacote 029 rearmazenado em 005 na secao 000
0000719 pacote 057 rearmazenado em 005 na secao 000
0000719 pacote 092 rearmazenado em 005 na secao 000
0000719 pacote 051 rearmazenado em 005 na secao 000
0000719 pacote 068 rearmazenado em 005 na secao 000
0000711 pacote 074 removido de 005 na secao 002
0000711 pacote 074 em transito de 005 para 002
0000731 pacote 016 entregue em 009
0000731 pacote 049 entregue em 006
0000731 pacote 072 armazenado em 001 na secao 009
0000731 pacote 074 armazenado em 002 na secao 006
0000733 pacote 073 armazenado em 005 na secao 003
0000733 pacote 098 armazenado em 005 na secao 003
0000734 pacote 083 armazenado em 000 na secao 005
0000734 pacote 085 armazenado em 000 na secao 005
0000735 pacote 045 armazenado em 000 na secao 005
0000735 pacote 078 armazenado em 000 na secao 004
0000739 pacote 027 armazenado em 000 na secao 001
0000739 pacote 039 armazenado em 000 na secao 001
0000742 pacote 011 armazenado em 005 na secao 002
0000742 pacote 041 armazenado em 005 na secao 000
0000742 pacote 050 armazenado em 005 na secao 003
0000742 pacote 064 armazenado em 005 na secao 000
0000811 pacote 039 removido de 000 na secao 001
0000812 pacote 027 removido de 000 na secao 001
0000812 pacote 027 em transito de 000 para 001
0000812 pacote 039 em transito de 000 para 001
0000811 pacote 078 removido de 000 na secao 004
0000811 pacote 078 em transito de 000 para 004
0000811 pacote 045 removido de 000 na secao 005
0000812 pacote 085 removido de 000 na secao 005
0000813 pacote 083 removido de 000 na secao 005
0000814 pacote 020 removido de 000 na secao 005
0000815 pacote 079 removido de 000 na secao 005
0000816 pacote 069 removido de 000 na secao 005
0000817 pacote 055 removido de 000 na secao 005
0000818 pacote 061 removido de 000 na secao 005
0000819 pacote 054 removido de 000 na secao 005
0000820 pacote 014 removido de 000 na secao 005
0000821 pacote 012 removido de 000 na secao 005
0000822 pacote 082 removido de 000 na secao 005
0000823 pacote 043 removido de 000 na secao 005
0000823 pacote 043 em transito de 000 para 005
0000823 pacote 082 em transito de 000 para 005
0000823 pacote 012 rearmazenado em 000 na secao 005
0000823 pacote 014 rearmazenado em 000 na secao 005
0000823 pacote 054 rearmazenado em 000 na secao 005
0000823 pacote 061 rearmazenado em 000 na secao 005
0000823 pacote 055 rearmazenado em 000 na secao 005
0000823 pacote 069 rearmazenado em 000 na secao 005
0000823 pacote 079 rearmazenado em 000 na secao 005
0000823 pacote 020 rearmazenado em 000 na secao 005
0000823 pacote 083 rearmazenado em 000 na secao 005
0000823 pacote 085 rearmazenado em 000 na secao 005
0000823 pacote 045 rearmazenado em 000 na secao 005
0000811 pacote 066 removido de 001 na secao 000
0000812 pacote 099 removido de 001 na secao 000
0000813 pacote 047 removido de 001 na secao 000
0000813 pacote 047 em transito de 001 para 000
0000813 pacote 099 em transito de 001 para 000
0000813 pacote 066 rearmazenado em 001 na secao 000
0000811 pacote 072 removido de 001 na secao 009
0000811 pacote 072 em transito de 001 para 009
0000811 pacote 080 removido de 002 na secao 005
0000811 pacote 080 em transito de 002 para 005
0000811 pacote 074 removido de 002 na secao 006
0000811 pacote 074 em transito de 002 para 006
0000811 pacote 095 removido de 003 na secao 005
0000812 pacote 093 removido de 003 na secao 005
0000813 pacote 094 removido de 003 na secao 005
0000814 pacote 090 removido de 003 na secao 005
0000815 pacote 091 removido de 003 na secao 005
0000816 pacote 089 removido de 003 na secao 005
0000817 pacote 084 removido de 003 na secao 005
0000818 pacote 076 removido de 003 na secao 005
0000819 pacote 058 removido de 003 na secao 005
0000820 pacote 048 removido de 003 na secao 005
0000820 pacote 048 em transito de 003 para 005
0000820 pacote 058 em transito de 003 para 005
0000820 pacote 076 rearmazenado em 003 na secao 005
0000820 pacote 084 rearmazenado em 003 na secao 005
0000820 pacote 089 rearmazenado em 003 na secao 005
0000820 pacote 091 rearmazenado em 003 na secao 005
0000820 pacote 090 rearmazenado em 003 na secao 005
0000820 pacote 094 rearmazenado em 003 na secao 005
0000820 pacote 093 rearmazenado em 003 na secao 005
0000820 pacote 095 rearmazenado em 003 na secao 005
0000811 pacote 096 removido de 004 na secao 000
0000812 pacote 088 removido de 004 na secao 000
0000812 pacote 088 em transito de 004 para 000
0000812 pacote 096 em transito de 004 para 000
0000811 pacote 064 removido de 005 na secao 000
0000812 pacote 041 removido de 005 na secao 000
0000813 pacote 068 removido de 005 na secao 000
0000814 pacote 051 removido de 005 na secao 000
0000815 pacote 092 removido de 005 na secao 000
0000816 pacote 057 removido de 005 na secao 000
0000817 pacote 029 removido de 005 na secao 000
0000818 pacote 022 removido de 005 na secao 000
0000819 pacote 071 removido de 005 na secao 000
0000819 pacote 071 em transito de 005 para 000
0000819 pacote 022 em transito de 005 para 000
0000819 pacote 029 rearmazenado em 005 na secao 000
0000819 pacote 057 rearmazenado em 005 na secao 000
0000819 pacote 092 rearmazenado em 005 na secao 000
0000819 pacote 051 rearmazenado em 005 na secao 000
0000819 pacote 068 rearmazenado em 005 na secao 000
0000819 pacote 041 rearmazenado em 005 na secao 000
0000819 pacote 064 rearmazenado em 005 na secao 000
0000811 pacote 011 removido de 005 na secao 002
0000811 pacote 011 em transito de 005 para 002
0000811 pacote 050 removido de 005 na secao 003
0000812 pacote 098 removido de 005 na secao 003
0000813 pacote 073 removido de 005 na secao 003
0000813 pacote 073 em transito de 005 para 003
0000813 pacote 098 em transito de 005 para 003
0000813 pacote 050 rearmazenado em 005 na secao 003
0000831 pacote 011 entregue em 002
0000831 pacote 072 entregue em 009
0000831 pacote 074 entregue em 006
0000831 pacote 078 entregue em 004
0000831 pacote 080 armazenado em 005 na secao 003
0000832 pacote 027 entregue em 001
0000832 pacote 039 armazenado em 001 na secao 009
0000832 pacote 088 armazenado em 000 na secao 001
0000832 pacote 096 armazenado em 000 na secao 005
0000833 pacote 047 armazenado em 000 na secao 005
0000833 pacote 073 armazenado em 003 na secao 008
0000833 pacote 098 entregue em 003
0000833 pacote 099 armazenado em 000 na secao 005
0000839 pacote 022 entregue em 000
0000839 pacote 071 armazenado em 000 na secao 001
0000840 pacote 048 armazenado em 005 na secao 000
0000840 pacote 058 armazenado em 005 na secao 000
0000843 pacote 043 armazenado em 005 na secao 003
0000843 pacote 082 armazenado em 005 na secao 002
0000911 pacote 071 removido de 000 na secao 001
0000912 pacote 088 removido de 000 na secao 001
0000912 pacote 088 em transito de 000 para 001
0000912 pacote 071 em transito de 000 para 001
0000911 pacote 099 removido de 000 na secao 005
0000912 pacote 047 removido de 000 na secao 005
0000913 pacote 096 removido de 000 na secao 005
0000914 pacote 045 removido de 000 na secao 005
0000915 pacote 085 removido de 000 na secao 005
0000916 pacote 083 removido de 000 na secao 005
0000917 pacote 020 removido de 000 na secao 005
0000918 pacote 079 removido de 000 na secao 005
0000919 pacote 069 removido de 000 na secao 005
0000920 pacote 055 removido de 000 na secao 005
0000921 pacote 061 removido de 000 na secao 005
0000922 pacote 054 removido de 000 na secao 005
0000923 pacote 014 removido de 000 na secao 005
0000924 pacote 012 removido de 000 na secao 005
0000924 pacote 012 em transito de 000 para 005
0000924 pacote 014 em transito de 000 para 005
0000924 pacote 054 rearmazenado em 000 na secao 005
0000924 pacote 061 rearmazenado em 000 na secao 005
0000924 pacote 055 rearmazenado em 000 na secao 005
0000924 pacote 069 rearmazenado em 000 na secao 005
0000924 pacote 079 rearmazenado em 000 na secao 005
0000924 pacote 020 rearmazenado em 000 na secao 005
0000924 pacote 083 rearmazenado em 000 na secao 005
0000924 pacote 085 rearmazenado em 000 na secao 005
0000924 pacote 045 rearmazenado em 000 na secao 005
0000924 pacote 096 rearmazenado em 000 na secao 005
0000924 pacote 047 rearmazenado em 000 na secao 005
0000924 pacote 099 rearmazenado em 000 na secao 005
0000911 pacote 066 removido de 001 na secao 000
0000911 pacote 066 em transito de 001 para 000
0000911 pacote 039 removido de 001 na secao 009
0000911 pacote 039 em transito de 001 para 009
0000911 pacote 095 removido de 003 na secao 005
0000912 pacote 093 removido de 003 na secao 005
0000913 pacote 094 removido de 003 na secao 005
0000914 pacote 090 removido de 003 na secao 005
0000915 pacote 091 removido de 003 na secao 005
0000916 pacote 089 removido de 003 na secao 005
0000917 pacote 084 removido de 003 na secao 005
0000918 pacote 076 removido de 003 na secao 005
0000918 pacote 076 em transito de 003 para 005
0000918 pacote 084 em transito de 003 para 005
0000918 pacote 089 rearmazenado em 003 na secao 005
0000918 pacote 091 rearmazenado em 003 na secao 005
0000918 pacote 090 rearmazenado em 003 na secao 005
0000918 pacote 094 rearmazenado em 003 na secao 005
0000918 pacote 093 rearmazenado em 003 na secao 005
0000918 pacote 095 rearmazenado em 003 na secao 005
0000911 pacote 073 removido de 003 na secao 008
0000911 pacote 073 em transito de 003 para 008
0000911 pacote 058 removido de 005 na secao 000
0000912 pacote 048 removido de 005 na secao 000
0000913 pacote 064 removido de 005 na secao 000
0000914 pacote 041 removido de 005 na secao 000
0000915 pacote 068 removido de 005 na secao 000
0000916 pacote 051 removido de 005 na secao 000
0000917 pacote 092 removido de 005 na secao 000
0000918 pacote 057 removido de 005 na secao 000
0000919 pacote 029 removido de 005 na secao 000
0000919 pacote 029 em transito de 005 para 000
0000919 pacote 057 em transito de 005 para 000
0000919 pacote 092 rearmazenado em 005 na secao 000
0000919 pacote 051 rearmazenado em 005 na secao 000
0000919 pacote 068 rearmazenado em 005 na secao 000
0000919 pacote 041 rearmazenado em 005 na secao 000
0000919 pacote 064 rearmazenado em 005 na secao 000
0000919 pacote 048 rearmazenado em 005 na secao 000
0000919 pacote 058 rearmazenado em 005 na secao 000
0000911 pacote 082 removido de 005 na secao 002
0000911 pacote 082 em transito de 005 para 002
0000911 pacote 043 removido de 005 na secao 003
0000912 pacote 080 removido de 005 na secao 003
0000913 pacote 050 removido de 005 na secao 003
0000913 pacote 050 em transito de 005 para 003
0000913 pacote 080 em transito de 005 para 003
0000913 pacote 043 rearmazenado em 005 na secao 003
0000931 pacote 039 entregue em 009
0000931 pacote 066 armazenado em 000 na secao 005
0000931 pacote 073 entregue em 008
0000931 pacote 082 armazenado em 002 na secao 006
0000932 pacote 071 armazenado em 001 na secao 009
0000932 pacote 088 armazenado em 001 na secao 009
0000933 pacote 050 armazenado em 003 na secao 007
0000933 pacote 080 armazenado em 003 na secao 007
0000938 pacote 076 armazenado em 005 na secao 000
0000938 pacote 084 armazenado em 005 na secao 000
0000939 pacote 029 armazenado em 000 na secao 004
0000939 pacote 057 armazenado em 000 na secao 004
0000944 pacote 012 armazenado em 005 na secao 002
0000944 pacote 014 entregue em 005
0001011 pacote 057 removido de 000 na secao 004
0001012 pacote 029 removido de 000 na secao 004
0001012 pacote 029 em transito de 000 para 004
0001012 pacote 057 em transito de 000 para 004
0001011 pacote 066 removido de 000 na secao 005
0001012 pacote 099 removido de 000 na secao 005
0001013 pacote 047 removido de 000 na secao 005
0001014 pacote 096 removido de 000 na secao 005
0001015 pacote 045 removido de 000 na secao 005
0001016 pacote 085 removido de 000 na secao 005
0001017 pacote 083 removido de 000 na secao 005
0001018 pacote 020 removido de 000 na secao 005
0001019 pacote 079 removido de 000 na secao 005
0001020 pacote 069 removido de 000 na secao 005
0001021 pacote 055 removido de 000 na secao 005
0001022 pacote 061 removido de 000 na secao 005
0001023 pacote 054 removido de 000 na secao 005
0001023 pacote 054 em transito de 000 para 005
0001023 pacote 061 em transito de 000 para 005
0001023 pacote 055 rearmazenado em 000 na secao 005
0001023 pacote 069 rearmazenado em 000 na secao 005
0001023 pacote 079 rearmazenado em 000 na secao 005
0001023 pacote 020 rearmazenado em 000 na secao 005
0001023 pacote 083 rearmazenado em 000 na secao 005
0001023 pacote 085 rearmazenado em 000 na secao 005
0001023 pacote 045 rearmazenado em 000 na secao 005
0001023 pacote 096 rearmazenado em 000 na secao 005
0001023 pacote 047 rearmazenado em 000 na secao 005
0001023 pacote 099 rearmazenado em 000 na secao 005
0001023 pacote 066 rearmazenado em 000 na secao 005
0001011 pacote 088 removido de 001 na secao 009
0001012 pacote 071 removido de 001 na secao 009
0001012 pacote 071 em transito de 001 para 009
0001012 pacote 088 em transito de 001 para 009
0001011 pacote 082 removido de 002 na secao 006
0001011 pacote 082 em transito de 002 para 006
0001011 pacote 095 removido de 003 na secao 005
0001012 pacote 093 removido de 003 na secao 005
0001013 pacote 094 removido de 003 na secao 005
0001014 pacote 090 removido de 003 na secao 005
0001015 pacote 091 removido de 003 na secao 005
0001016 pacote 089 removido de 003 na secao 005
0001016 pacote 089 em transito de 003 para 005
0001016 pacote 091 em transito de 003 para 005
0001016 pacote 090 rearmazenado em 003 na secao 005
0001016 pacote 094 rearmazenado em 003 na secao 005
0001016 pacote 093 rearmazenado em 003 na secao 005
0001016 pacote 095 rearmazenado em 003 na secao 005
0001011 pacote 080 removido de 003 na secao 007
0001012 pacote 050 removido de 003 na secao 007
0001012 pacote 050 em transito de 003 para 007
0001012 pacote 080 em transito de 003 para 007
0001011 pacote 084 removido de 005 na secao 000
0001012 pacote 076 removido de 005 na secao 000
0001013 pacote 058 removido de 005 na secao 000
0001014 pacote 048 removido de 005 na secao 000
0001015 pacote 064 removido de 005 na secao 000
0001016 pacote 041 removido de 005 na secao 000
0001017 pacote 068 removido de 005 na secao 000
0001018 pacote 051 removido de 005 na secao 000
0001019 pacote 092 removido de 005 na secao 000
0001019 pacote 092 em transito de 005 para 000
0001019 pacote 051 em transito de 005 para 000
0001019 pacote 068 rearmazenado em 005 na secao 000
0001019 pacote 041 rearmazenado em 005 na secao 000
0001019 pacote 064 rearmazenado em 005 na secao 000
0001019 pacote 048 rearmazenado em 005 na secao 000
0001019 pacote 058 rearmazenado em 005 na secao 000
0001019 pacote 076 rearmazenado em 005 na secao 000
0001019 pacote 084 rearmazenado em 005 na secao 000
0001011 pacote 012 removido de 005 na secao 002
0001011 pacote 012 em transito de 005 para 002
0001011 pacote 043 removido de 005 na secao 003
0001011 pacote 043 em transito de 005 para 003
0001031 pacote 012 armazenado em 002 na secao 006
0001031 pacote 043 armazenado em 003 na secao 008
0001031 pacote 082 entregue em 006
0001032 pacote 029 entregue em 004
0001032 pacote 050 entregue em 007
0001032 pacote 057 entregue em 004
0001032 pacote 071 entregue em 009
0001032 pacote 080 entregue em 007
0001032 pacote 088 entregue em 009
0001036 pacote 089 armazenado em 005 na secao 002
0001036 pacote 091 armazenado em 005 na secao 000
0001039 pacote 051 entregue em 000
0001039 pacote 092 armazenado em 000 na secao 004
0001043 pacote 054 armazenado em 005 na secao 002
0001043 pacote 061 entregue em 005
0001111 pacote 092 removido de 000 na secao 004
0001111 pacote 092 em transito de 000 para 004
0001111 pacote 066 removido de 000 na secao 005
0001112 pacote 099 removido de 000 na secao 005
0001113 pacote 047 removido de 000 na secao 005
0001114 pacote 096 removido de 000 na secao 005
0001115 pacote 045 removido de 000 na secao 005
0001116 pacote 085 removido de 000 na secao 005
0001117 pacote 083 removido de 000 na secao 005
0001118 pacote 020 removido de 000 na secao 005
0001119 pacote 079 removido de 000 na secao 005
0001120 pacote 069 removido de 000 na secao 005
0001121 pacote 055 removido de 000 na secao 005
0001121 pacote 055 em transito de 000 para 005
0001121 pacote 069 em transito de 000 para 005
0001121 pacote 079 rearmazenado em 000 na secao 005
0001121 pacote 020 rearmazenado em 000 na secao 005
0001121 pacote 083 rearmazenado em 000 na secao 005
0001121 pacote 085 rearmazenado em 000 na secao 005
0001121 pacote 045 rearmazenado em 000 na secao 005
0001121 pacote 096 rearmazenado em 000 na secao 005
0001121 pacote 047 rearmazenado em 000 na secao 005
0001121 pacote 099 rearmazenado em 000 na secao 005
0001121 pacote 066 rearmazenado em 000 na secao 005
0001111 pacote 012 removido de 002 na secao 006
0001111 pacote 012 em transito de 002 para 006
0001111 pacote 095 removido de 003 na secao 005
0001112 pacote 093 removido de 003 na secao 005
0001113 pacote 094 removido de 003 na secao 005
0001114 pacote 090 removido de 003 na secao 005
0001114 pacote 090 em transito de 003 para 005
0001114 pacote 094 em transito de 003 para 005
0001114 pacote 093 rearmazenado em 003 na secao 005
0001114 pacote 095 rearmazenado em 003 na secao 005
0001111 pacote 043 removido de 003 na secao 008
0001111 pacote 043 em transito de 003 para 008
0001111 pacote 091 removido de 005 na secao 000
0001112 pacote 084 removido de 005 na secao 000
0001113 pacote 076 removido de 005 na secao 000
0001114 pacote 058 removido de 005 na secao 000
0001115 pacote 048 removido de 005 na secao 000
0001116 pacote 064 removido de 005 na secao 000
0001117 pacote 041 removido de 005 na secao 000
0001118 pacote 068 removido de 005 na secao 000
0001118 pacote 068 em transito de 005 para 000
0001118 pacote 041 em transito de 005 para 000
0001118 pacote 064 rearmazenado em 005 na secao 000
0001118 pacote 048 rearmazenado em 005 na secao 000
0001118 pacote 058 rearmazenado em 005 na secao 000
0001118 pacote 076 rearmazenado em 005 na secao 000
0001118 pacote 084 rearmazenado em 005 na secao 000
0001118 pacote 091 rearmazenado em 005 na secao 000
0001111 pacote 054 removido de 005 na secao 002
0001112 pacote 089 removido de 005 na secao 002
0001112 pacote 089 em transito de 005 para 002
0001112 pacote 054 em transito de 005 para 002
0001131 pacote 012 entregue em 006
0001131 pacote 043 entregue em 008
0001131 pacote 092 entregue em 004
0001132 pacote 054 entregue em 002
0001132 pacote 089 armazenado em 002 na secao 006
0001134 pacote 090 armazenado em 005 na secao 002
0001134 pacote 094 armazenado em 005 na secao 000
0001138 pacote 041 entregue em 000
0001138 pacote 068 armazenado em 000 na secao 001
0001141 pacote 055 entregue em 005
0001141 pacote 069 armazenado em 005 na secao 003
0001211 pacote 068 removido de 000 na secao 001
0001211 pacote 068 em transito de 000 para 001
0001211 pacote 066 removido de 000 na secao 005
0001212 pacote 099 removido de 000 na secao 005
0001213 pacote 047 removido de 000 na secao 005
0001214 pacote 096 removido de 000 na secao 005
0001215 pacote 045 removido de 000 na secao 005
0001216 pacote 085 removido de 000 na secao 005
0001217 pacote 083 removido de 000 na secao 005
0001218 pacote 020 removido de 000 na secao 005
0001219 pacote 079 removido de 000 na secao 005
0001219 pacote 079 em transito de 000 para 005
0001219 pacote 020 em transito de 000 para 005
0001219 pacote 083 rearmazenado em 000 na secao 005
0001219 pacote 085 rearmazenado em 000 na secao 005
0001219 pacote 045 rearmazenado em 000 na secao 005
0001219 pacote 096 rearmazenado em 000 na secao 005
0001219 pacote 047 rearmazenado em 000 na secao 005
0001219 pacote 099 rearmazenado em 000 na secao 005
0001219 pacote 066 rearmazenado em 000 na secao 005
0001211 pacote 089 removido de 002 na secao 006
0001211 pacote 089 em transito de 002 para 006
0001211 pacote 095 removido de 003 na secao 005
0001212 pacote 093 removido de 003 na secao 005
0001212 pacote 093 em transito de 003 para 005
0001212 pacote 095 em transito de 003 para 005
0001211 pacote 094 removido de 005 na secao 000
0001212 pacote 091 removido de 005 na secao 000
0001213 pacote 084 removido de 005 na secao 000
0001214 pacote 076 removido de 005 na secao 000
0001215 pacote 058 removido de 005 na secao 000
0001216 pacote 048 removido de 005 na secao 000
0001217 pacote 064 removido de 005 na secao 000
0001217 pacote 064 em transito de 005 para 000
0001217 pacote 048 em transito de 005 para 000
0001217 pacote 058 rearmazenado em 005 na secao 000
0001217 pacote 076 rearmazenado em 005 na secao 000
0001217 pacote 084 rearmazenado em 005 na secao 000
0001217 pacote 091 rearmazenado em 005 na secao 000
0001217 pacote 094 rearmazenado em 005 na secao 000
0001211 pacote 090 removido de 005 na secao 002
0001211 pacote 090 em transito de 005 para 002
0001211 pacote 069 removido de 005 na secao 003
0001211 pacote 069 em transito de 005 para 003
0001231 pacote 068 entregue em 001
0001231 pacote 069 armazenado em 003 na secao 008
0001231 pacote 089 entregue em 006
0001231 pacote 090 armazenado em 002 na secao 006
0001232 pacote 093 entregue em 005
0001232 pacote 095 armazenado em 005 na secao 002
0001237 pacote 048 entregue em 000
0001237 pacote 064 armazenado em 000 na secao 001
0001239 pacote 020 armazenado em 005 na secao 003
0001239 pacote 079 armazenado em 005 na secao 002
0001311 pacote 064 removido de 000 na secao 001
0001311 pacote 064 em transito de 000 para 001
0001311 pacote 066 removido de 000 na secao 005
0001312 pacote 099 removido de 000 na secao 005
0001313 pacote 047 removido de 000 na secao 005
0001314 pacote 096 removido de 000 na secao 005
0001315 pacote 045 removido de 000 na secao 005
0001316 pacote 085 removido de 000 na secao 005
0001317 pacote 083 removido de 000 na secao 005
0001317 pacote 083 em transito de 000 para 005
0001317 pacote 085 em transito de 000 para 005
0001317 pacote 045 rearmazenado em 000 na secao 005
0001317 pacote 096 rearmazenado em 000 na secao 005
0001317 pacote 047 rearmazenado em 000 na secao 005
0001317 pacote 099 rearmazenado em 000 na secao 005
0001317 pacote 066 rearmazenado em 000 na secao 005
0001311 pacote 090 removido de 002 na secao 006
0001311 pacote 090 em transito de 002 para 006
0001311 pacote 069 removido de 003 na secao 008
0001311 pacote 069 em transito de 003 para 008
0001311 pacote 094 removido de 005 na secao 000
0001312 pacote 091 removido de 005 na secao 000
0001313 pacote 084 removido de 005 na secao 000
0001314 pacote 076 removido de 005 na secao 000
0001315 pacote 058 removido de 005 na secao 000
0001315 pacote 058 em transito de 005 para 000
0001315 pacote 076 em transito de 005 para 000
0001315 pacote 084 rearmazenado em 005 na secao 000
0001315 pacote 091 rearmazenado em 005 na secao 000
0001315 pacote 094 rearmazenado em 005 na secao 000
0001311 pacote 079 removido de 005 na secao 002
0001312 pacote 095 removido de 005 na secao 002
0001312 pacote 095 em transito de 005 para 002
0001312 pacote 079 em transito de 005 para 002
0001311 pacote 020 removido de 005 na secao 003
0001311 pacote 020 em transito de 005 para 003
0001331 pacote 020 armazenado em 003 na secao 007
0001331 pacote 064 entregue em 001
0001331 pacote 069 entregue em 008
0001331 pacote 090 entregue em 006
0001332 pacote 079 entregue em 002
0001332 pacote 095 entregue em 002
0001335 pacote 058 entregue em 000
0001335 pacote 076 armazenado em 000 na secao 001
0001337 pacote 083 armazenado em 005 na secao 003
0001337 pacote 085 armazenado em 005 na secao 003
0001411 pacote 076 removido de 000 na secao 001
0001411 pacote 076 em transito de 000 para 001
0001411 pacote 066 removido de 000 na secao 005
0001412 pacote 099 removido de 000 na secao 005
0001413 pacote 047 removido de 000 na secao 005
0001414 pacote 096 removido de 000 na secao 005
0001415 pacote 045 removido de 000 na secao 005
0001415 pacote 045 em transito de 000 para 005
0001415 pacote 096 em transito de 000 para 005
0001415 pacote 047 rearmazenado em 000 na secao 005
0001415 pacote 099 rearmazenado em 000 na secao 005
0001415 pacote 066 rearmazenado em 000 na secao 005
0001411 pacote 020 removido de 003 na secao 007
0001411 pacote 020 em transito de 003 para 007
0001411 pacote 094 removido de 005 na secao 000
0001412 pacote 091 removido de 005 na secao 000
0001413 pacote 084 removido de 005 na secao 000
0001413 pacote 084 em transito de 005 para 000
0001413 pacote 091 em transito de 005 para 000
0001413 pacote 094 rearmazenado em 005 na secao 000
0001411 pacote 085 removido de 005 na secao 003
0001412 pacote 083 removido de 005 na secao 003
0001412 pacote 083 em transito de 005 para 003
0001412 pacote 085 em transito de 005 para 003
0001431 pacote 020 entregue em 007
0001431 pacote 076 armazenado em 001 na secao 009
0001432 pacote 083 armazenado em 003 na secao 007
0001432 pacote 085 armazenado em 003 na secao 008
0001433 pacote 084 armazenado em 000 na secao 004
0001433 pacote 091 armazenado em 000 na secao 001
0001435 pacote 045 armazenado em 005 na secao 003
0001435 pacote 096 armazenado em 005 na secao 003
0001511 pacote 091 removido de 000 na secao 001
0001511 pacote 091 em transito de 000 para 001
0001511 pacote 084 removido de 000 na secao 004
0001511 pacote 084 em transito de 000 para 004
0001511 pacote 066 removido de 000 na secao 005
0001512 pacote 099 removido de 000 na secao 005
0001513 pacote 047 removido de 000 na secao 005
0001513 pacote 047 em transito de 000 para 005
0001513 pacote 099 em transito de 000 para 005
0001513 pacote 066 rearmazenado em 000 na secao 005
0001511 pacote 076 removido de 001 na secao 009
0001511 pacote 076 em transito de 001 para 009
0001511 pacote 083 removido de 003 na secao 007
0001511 pacote 083 em transito de 003 para 007
0001511 pacote 085 removido de 003 na secao 008
0001511 pacote 085 em transito de 003 para 008
0001511 pacote 094 removido de 005 na secao 000
0001511 pacote 094 em transito de 005 para 000
0001511 pacote 096 removido de 005 na secao 003
0001512 pacote 045 removido de 005 na secao 003
0001512 pacote 045 em transito de 005 para 003
0001512 pacote 096 em transito de 005 para 003
0001531 pacote 076 entregue em 009
0001531 pacote 083 entregue em 007
0001531 pacote 084 entregue em 004
0001531 pacote 085 entregue em 008
0001531 pacote 091 armazenado em 001 na secao 009
0001531 pacote 094 armazenado em 000 na secao 004
0001532 pacote 045 entregue em 003
0001532 pacote 096 armazenado em 003 na secao 007
0001533 pacote 047 armazenado em 005 na secao 003
0001533 pacote 099 armazenado em 005 na secao 003
0001611 pacote 094 removido de 000 na secao 004
0001611 pacote 094 em transito de 000 para 004
0001611 pacote 066 removido de 000 na secao 005
0001611 pacote 066 em transito de 000 para 005
0001611 pacote 091 removido de 001 na secao 009
0001611 pacote 091 em transito de 001 para 009
0001611 pacote 096 removido de 003 na secao 007
0001611 pacote 096 em transito de 003 para 007
0001611 pacote 099 removido de 005 na secao 003
0001612 pacote 047 removido de 005 na secao 003
0001612 pacote 047 em transito de 005 para 003
0001612 pacote 099 em transito de 005 para 003
0001631 pacote 066 armazenado em 005 na secao 003
0001631 pacote 091 entregue em 009
0001631 pacote 094 entregue em 004
0001631 pacote 096 entregue em 007
0001632 pacote 047 entregue em 003
0001632 pacote 099 armazenado em 003 na secao 007
0001711 pacote 099 removido de 003 na secao 007
0001711 pacote 099 em transito de 003 para 007
0001711 pacote 066 removido de 005 na secao 003
0001711 pacote 066 em transito de 005 para 003
0001731 pacote 066 armazenado em 003 na secao 008
0001731 pacote 099 entregue em 007
0001811 pacote 066 removido de 003 na secao 008
0001811 pacote 066 em transito de 003 para 008
0001831 pacote 066 entregue em 008
